<?xml version="1.0" encoding="UTF-8"?>
<!-- Generated by org.testng.reporters.JUnitReportReporter -->
<testsuite hostname="DESKTOP-TNIL84B" failures="0" tests="5" name="com.ninjaalgo.runner.DDataSuite2" time="19.452" errors="0" timestamp="2023-11-15T09:15:27 GMT-05:00" skipped="0">
  <testcase classname="com.ninjaalgo.runner.DDataSuite2" name="runScenario" time="0.917"/>
  <testcase classname="com.ninjaalgo.runner.DDataSuite2" name="runScenario" time="0.421"/>
  <testcase classname="com.ninjaalgo.runner.DDataSuite2" name="runScenario" time="3.500"/>
  <testcase classname="com.ninjaalgo.runner.DDataSuite2" name="runScenario" time="7.780"/>
  <testcase classname="com.ninjaalgo.runner.DDataSuite2" name="runScenario" time="6.834"/>
</testsuite> <!-- com.ninjaalgo.runner.DDataSuite2 -->
