<?xml version="1.0" encoding="UTF-8"?>
<!-- Generated by org.testng.reporters.JUnitReportReporter -->
<testsuite hostname="DESKTOP-TNIL84B" failures="0" tests="4" name="com.ninjaalgo.runner.TestNGDataStructure" time="14.694" errors="0" timestamp="2023-11-29T15:22:23 GMT-05:00" skipped="0">
  <testcase classname="com.ninjaalgo.runner.TestNGDataStructure" name="runScenario" time="2.580"/>
  <testcase classname="com.ninjaalgo.runner.TestNGDataStructure" name="runScenario" time="5.225"/>
  <testcase classname="com.ninjaalgo.runner.TestNGDataStructure" name="runScenario" time="6.400"/>
  <testcase classname="com.ninjaalgo.runner.TestNGDataStructure" name="runScenario" time="0.489"/>
</testsuite> <!-- com.ninjaalgo.runner.TestNGDataStructure -->
