<?xml version="1.0" encoding="UTF-8"?>
<!-- Generated by org.testng.reporters.JUnitReportReporter -->
<testsuite hostname="DESKTOP-TNIL84B" failures="0" tests="2" name="com.ninjaalgo.runner.DDLoginTestCase" time="8.268" errors="0" timestamp="2023-11-14T15:37:16 GMT-05:00" skipped="0">
  <testcase classname="com.ninjaalgo.runner.DDLoginTestCase" name="LoginValidity" time="6.983"/>
  <testcase classname="com.ninjaalgo.runner.DDLoginTestCase" name="LoginValidity" time="1.285"/>
</testsuite> <!-- com.ninjaalgo.runner.DDLoginTestCase -->
