<?xml version="1.0" encoding="UTF-8"?>
<!-- Generated by org.testng.reporters.JUnitReportReporter -->
<testsuite hostname="DESKTOP-TNIL84B" failures="0" tests="5" name="com.ninjaalgo.runner.ArrayEdgeBrowser" time="25.538" errors="0" timestamp="2023-11-20T17:01:56 GMT-05:00" skipped="0">
  <testcase classname="com.ninjaalgo.runner.ArrayEdgeBrowser" name="runScenario" time="11.639"/>
  <testcase classname="com.ninjaalgo.runner.ArrayEdgeBrowser" name="runScenario" time="4.983"/>
  <testcase classname="com.ninjaalgo.runner.ArrayEdgeBrowser" name="runScenario" time="7.007"/>
  <testcase classname="com.ninjaalgo.runner.ArrayEdgeBrowser" name="runScenario" time="1.116"/>
  <testcase classname="com.ninjaalgo.runner.ArrayEdgeBrowser" name="runScenario" time="0.793"/>
</testsuite> <!-- com.ninjaalgo.runner.ArrayEdgeBrowser -->
