<?xml version="1.0" encoding="UTF-8"?>
<!-- Generated by org.testng.reporters.JUnitReportReporter -->
<testsuite hostname="DESKTOP-TNIL84B" failures="0" tests="5" name="com.ninjaalgo.runner.TestNGDataStructure" time="12.611" errors="0" timestamp="2023-11-22T18:54:45 GMT-05:00" skipped="0">
  <testcase classname="com.ninjaalgo.runner.TestNGDataStructure" name="runScenario" time="1.807"/>
  <testcase classname="com.ninjaalgo.runner.TestNGDataStructure" name="runScenario" time="4.916"/>
  <testcase classname="com.ninjaalgo.runner.TestNGDataStructure" name="runScenario" time="0.696"/>
  <testcase classname="com.ninjaalgo.runner.TestNGDataStructure" name="runScenario" time="4.740"/>
  <testcase classname="com.ninjaalgo.runner.TestNGDataStructure" name="runScenario" time="0.452"/>
</testsuite> <!-- com.ninjaalgo.runner.TestNGDataStructure -->
