<?xml version="1.0" encoding="UTF-8"?>
<!-- Generated by org.testng.reporters.JUnitReportReporter -->
<testsuite hostname="DESKTOP-TNIL84B" failures="0" tests="2" name="com.ninjaalgo.runner.TestNGArray" time="0.631" errors="2" timestamp="2023-11-18T15:19:01 GMT-05:00" skipped="0">
  <testcase classname="com.ninjaalgo.runner.TestNGArray" name="runScenario" time="0.604">
    <error message="Cannot invoke &quot;java.lang.ThreadLocal.get()&quot; because &quot;com.ninjaalgo.driverfactory.DriverFactory.tDriver&quot; is null" type="java.lang.NullPointerException">
      <![CDATA[java.lang.NullPointerException: Cannot invoke "java.lang.ThreadLocal.get()" because "com.ninjaalgo.driverfactory.DriverFactory.tDriver" is null
at com.ninjaalgo.driverfactory.DriverFactory.getDriver(DriverFactory.java:46)
at com.ninjaalgo.steps.DDataStructure.GoTO_DataHomePage(DDataStructure.java:51)
at ✽.GoTO DataHomePage(classpath:com/ninjaalgo/features/EArray.feature:11)
]]>
    </error>
  </testcase> <!-- runScenario -->
  <testcase classname="com.ninjaalgo.runner.TestNGArray" name="runScenario" time="0.027">
    <error message="Cannot invoke &quot;java.lang.ThreadLocal.get()&quot; because &quot;com.ninjaalgo.driverfactory.DriverFactory.tDriver&quot; is null" type="java.lang.NullPointerException">
      <![CDATA[java.lang.NullPointerException: Cannot invoke "java.lang.ThreadLocal.get()" because "com.ninjaalgo.driverfactory.DriverFactory.tDriver" is null
at com.ninjaalgo.driverfactory.DriverFactory.getDriver(DriverFactory.java:46)
at com.ninjaalgo.steps.EArrayStep.click(EArrayStep.java:26)
at ✽.ClickOnArrayModule "Array"(classpath:com/ninjaalgo/features/EArray.feature:23)
]]>
    </error>
  </testcase> <!-- runScenario -->
</testsuite> <!-- com.ninjaalgo.runner.TestNGArray -->
