<?xml version="1.0" encoding="UTF-8"?>
<!-- Generated by org.testng.reporters.JUnitReportReporter -->
<testsuite hostname="DESKTOP-TNIL84B" failures="0" tests="7" name="com.ninjaalgo.runner.TestNGLinkedList" time="50.385" errors="0" timestamp="2023-12-01T13:48:31 GMT-05:00" skipped="0">
  <testcase classname="com.ninjaalgo.runner.TestNGLinkedList" name="runScenario" time="7.024"/>
  <testcase classname="com.ninjaalgo.runner.TestNGLinkedList" name="runScenario" time="7.108"/>
  <testcase classname="com.ninjaalgo.runner.TestNGLinkedList" name="runScenario" time="7.195"/>
  <testcase classname="com.ninjaalgo.runner.TestNGLinkedList" name="runScenario" time="7.168"/>
  <testcase classname="com.ninjaalgo.runner.TestNGLinkedList" name="runScenario" time="7.158"/>
  <testcase classname="com.ninjaalgo.runner.TestNGLinkedList" name="runScenario" time="7.400"/>
  <testcase classname="com.ninjaalgo.runner.TestNGLinkedList" name="runScenario" time="7.332"/>
</testsuite> <!-- com.ninjaalgo.runner.TestNGLinkedList -->
