<?xml version="1.0" encoding="UTF-8"?>
<!-- Generated by org.testng.reporters.JUnitReportReporter -->
<testsuite hostname="DESKTOP-TNIL84B" failures="0" tests="8" name="com.ninjaalgo.runner.TestNG" time="37.754" errors="0" timestamp="2023-11-08T20:06:31 GMT-05:00" skipped="0">
  <testcase classname="com.ninjaalgo.runner.TestNG" name="runScenario" time="1.841"/>
  <testcase classname="com.ninjaalgo.runner.TestNG" name="runScenario" time="9.977"/>
  <testcase classname="com.ninjaalgo.runner.TestNG" name="runScenario" time="3.902"/>
  <testcase classname="com.ninjaalgo.runner.TestNG" name="runScenario" time="5.120"/>
  <testcase classname="com.ninjaalgo.runner.TestNG" name="runScenario" time="4.019"/>
  <testcase classname="com.ninjaalgo.runner.TestNG" name="runScenario" time="2.274"/>
  <testcase classname="com.ninjaalgo.runner.TestNG" name="runScenario" time="7.938"/>
  <testcase classname="com.ninjaalgo.runner.TestNG" name="runScenario" time="2.683"/>
</testsuite> <!-- com.ninjaalgo.runner.TestNG -->
