<?xml version="1.0" encoding="UTF-8"?>
<!-- Generated by org.testng.reporters.JUnitReportReporter -->
<testsuite hostname="DESKTOP-TNIL84B" failures="0" tests="3" name="com.ninjaalgo.runner.TestNGArray" time="15.116" errors="0" timestamp="2023-11-22T18:54:45 GMT-05:00" skipped="0">
  <testcase classname="com.ninjaalgo.runner.TestNGArray" name="runScenario" time="0.879"/>
  <testcase classname="com.ninjaalgo.runner.TestNGArray" name="runScenario" time="9.389"/>
  <testcase classname="com.ninjaalgo.runner.TestNGArray" name="runScenario" time="4.848"/>
</testsuite> <!-- com.ninjaalgo.runner.TestNGArray -->
