<?xml version="1.0" encoding="UTF-8"?>
<!-- Generated by org.testng.reporters.JUnitReportReporter -->
<testsuite hostname="DESKTOP-TNIL84B" failures="0" tests="3" name="com.ninjaalgo.runner.TestNGArray" time="13.708" errors="0" timestamp="2023-11-22T07:58:02 GMT-05:00" skipped="0">
  <testcase classname="com.ninjaalgo.runner.TestNGArray" name="runScenario" time="0.826"/>
  <testcase classname="com.ninjaalgo.runner.TestNGArray" name="runScenario" time="8.135"/>
  <testcase classname="com.ninjaalgo.runner.TestNGArray" name="runScenario" time="4.747"/>
</testsuite> <!-- com.ninjaalgo.runner.TestNGArray -->
