<?xml version="1.0" encoding="UTF-8"?>
<!-- Generated by org.testng.reporters.JUnitReportReporter -->
<testsuite hostname="DESKTOP-TNIL84B" failures="0" tests="2" name="com.ninjaalgo.runner.TestNGArray" time="14.117" errors="0" timestamp="2023-11-20T16:22:46 GMT-05:00" skipped="0">
  <testcase classname="com.ninjaalgo.runner.TestNGArray" name="runScenario" time="4.891"/>
  <testcase classname="com.ninjaalgo.runner.TestNGArray" name="runScenario" time="9.226"/>
</testsuite> <!-- com.ninjaalgo.runner.TestNGArray -->
