<?xml version="1.0" encoding="UTF-8"?>
<!-- Generated by org.testng.reporters.JUnitReportReporter -->
<testsuite hostname="DESKTOP-TNIL84B" failures="0" tests="1" name="com.ninjaalgo.runner.DataparallelClass" time="14.279" errors="0" timestamp="2023-11-20T17:50:27 GMT-05:00" skipped="0">
  <testcase classname="com.ninjaalgo.runner.DataparallelClass" name="runScenario" time="14.279"/>
</testsuite> <!-- com.ninjaalgo.runner.DataparallelClass -->
