<?xml version="1.0" encoding="UTF-8"?>
<!-- Generated by org.testng.reporters.JUnitReportReporter -->
<testsuite hostname="DESKTOP-TNIL84B" failures="0" tests="5" name="com.ninjaalgo.runner.ArrayEdgeBrowser" time="4.708" errors="5" timestamp="2023-11-18T15:12:58 GMT-05:00" skipped="0">
  <testcase classname="com.ninjaalgo.runner.ArrayEdgeBrowser" name="runScenario" time="0.148">
    <error message="Cannot invoke &quot;org.openqa.selenium.WebDriver.getCurrentUrl()&quot; because &quot;this.driver&quot; is null" type="java.lang.NullPointerException">
      <![CDATA[java.lang.NullPointerException: Cannot invoke "org.openqa.selenium.WebDriver.getCurrentUrl()" because "this.driver" is null
at com.ninjaalgo.pages.LoginPage.SetLoginCred(LoginPage.java:58)
at com.ninjaalgo.steps.CLoginStep.send_login_with_password(CLoginStep.java:33)
at ✽.Send Login "NinjaAlgo" with password "@Algo123"(classpath:com/ninjaalgo/features/CLogin.feature:13)
]]>
    </error>
  </testcase> <!-- runScenario -->
  <testcase classname="com.ninjaalgo.runner.ArrayEdgeBrowser" name="runScenario" time="0.026">
    <error message="Cannot invoke &quot;org.openqa.selenium.WebDriver.get(String)&quot; because &quot;driver&quot; is null" type="java.lang.NullPointerException">
      <![CDATA[java.lang.NullPointerException: Cannot invoke "org.openqa.selenium.WebDriver.get(String)" because "driver" is null
at com.ninjaalgo.hooks.AppHooks.before(AppHooks.java:62)
]]>
    </error>
  </testcase> <!-- runScenario -->
  <testcase classname="com.ninjaalgo.runner.ArrayEdgeBrowser" name="runScenario" time="0.092">
    <error message="Cannot invoke &quot;org.openqa.selenium.SearchContext.findElement(org.openqa.selenium.By)&quot; because &quot;this.searchContext&quot; is null" type="java.lang.NullPointerException">
      <![CDATA[java.lang.NullPointerException: Cannot invoke "org.openqa.selenium.SearchContext.findElement(org.openqa.selenium.By)" because "this.searchContext" is null
at org.openqa.selenium.support.pagefactory.DefaultElementLocator.findElement(DefaultElementLocator.java:68)
at org.openqa.selenium.support.pagefactory.internal.LocatingElementHandler.invoke(LocatingElementHandler.java:38)
at jdk.proxy2/jdk.proxy2.$Proxy39.click(Unknown Source)
at com.ninjaalgo.pages.StartPage.ClickButton(StartPage.java:32)
at com.ninjaalgo.steps.BStartStep.click_get_started_button(BStartStep.java:32)
at ✽.Click Get Started button(classpath:com/ninjaalgo/features/BStartEdge.feature:15)
]]>
    </error>
  </testcase> <!-- runScenario -->
  <testcase classname="com.ninjaalgo.runner.ArrayEdgeBrowser" name="runScenario" time="0.115">
    <error message="Cannot invoke &quot;org.openqa.selenium.WebDriver.getCurrentUrl()&quot; because &quot;this.driver&quot; is null" type="java.lang.NullPointerException">
      <![CDATA[java.lang.NullPointerException: Cannot invoke "org.openqa.selenium.WebDriver.getCurrentUrl()" because "this.driver" is null
at com.ninjaalgo.pages.LoginPage.SetLoginCred(LoginPage.java:58)
at com.ninjaalgo.steps.CLoginStep.send_login_with_password(CLoginStep.java:33)
at ✽.Send Login "test1" with password "test123"(classpath:com/ninjaalgo/features/CLogin.feature:13)
]]>
    </error>
  </testcase> <!-- runScenario -->
  <testcase classname="com.ninjaalgo.runner.ArrayEdgeBrowser" name="runScenario" time="4.327">
    <error message="Cannot invoke &quot;org.openqa.selenium.WebDriver.get(String)&quot; because &quot;driver&quot; is null" type="java.lang.NullPointerException">
      <![CDATA[java.lang.NullPointerException: Cannot invoke "org.openqa.selenium.WebDriver.get(String)" because "driver" is null
at com.ninjaalgo.hooks.AppHooks.set_up_drivers(AppHooks.java:44)
]]>
    </error>
  </testcase> <!-- runScenario -->
</testsuite> <!-- com.ninjaalgo.runner.ArrayEdgeBrowser -->
