<?xml version="1.0" encoding="UTF-8"?>
<!-- Generated by org.testng.reporters.JUnitReportReporter -->
<testsuite hostname="DESKTOP-TNIL84B" failures="0" tests="6" name="com.ninjaalgo.runner.TestSuite" time="10.946" errors="0" timestamp="2023-11-08T20:16:11 GMT-05:00" skipped="0">
  <testcase classname="com.ninjaalgo.runner.TestSuite" name="runScenario" time="1.021"/>
  <testcase classname="com.ninjaalgo.runner.TestSuite" name="runScenario" time="1.021"/>
  <testcase classname="com.ninjaalgo.runner.TestSuite" name="runScenario" time="1.021"/>
  <testcase classname="com.ninjaalgo.runner.TestSuite" name="runScenario" time="1.021"/>
  <testcase classname="com.ninjaalgo.runner.TestSuite" name="runScenario" time="1.021"/>
  <testcase classname="com.ninjaalgo.runner.TestSuite" name="runScenario" time="5.841"/>
</testsuite> <!-- com.ninjaalgo.runner.TestSuite -->
