<?xml version="1.0" encoding="UTF-8"?>
<!-- Generated by org.testng.reporters.JUnitReportReporter -->
<testsuite hostname="DESKTOP-TNIL84B" failures="0" tests="2" name="com.ninjaalgo.runner.DataArrayparallelSce" time="39.252" errors="0" timestamp="2023-11-20T17:55:44 GMT-05:00" skipped="0">
  <testcase classname="com.ninjaalgo.runner.DataArrayparallelSce" name="runScenario" time="15.518"/>
  <testcase classname="com.ninjaalgo.runner.DataArrayparallelSce" name="runScenario" time="23.734"/>
</testsuite> <!-- com.ninjaalgo.runner.DataArrayparallelSce -->
