<?xml version="1.0" encoding="UTF-8"?>
<!-- Generated by org.testng.reporters.JUnitReportReporter -->
<testsuite hostname="DESKTOP-TNIL84B" failures="0" tests="2" name="com.ninjaalgo.runner.TestNGArray" time="13.983" errors="0" timestamp="2023-11-20T17:20:48 GMT-05:00" skipped="0">
  <testcase classname="com.ninjaalgo.runner.TestNGArray" name="runScenario" time="4.847"/>
  <testcase classname="com.ninjaalgo.runner.TestNGArray" name="runScenario" time="9.136"/>
</testsuite> <!-- com.ninjaalgo.runner.TestNGArray -->
