<?xml version="1.0" encoding="UTF-8"?>
<!-- Generated by org.testng.reporters.JUnitReportReporter -->
<testsuite hostname="DESKTOP-TNIL84B" failures="0" tests="6" name="com.ninjaalgo.runner.TestNG" time="12.913" errors="0" timestamp="2023-11-08T20:17:46 GMT-05:00" skipped="0">
  <testcase classname="com.ninjaalgo.runner.TestNG" name="runScenario" time="0.374"/>
  <testcase classname="com.ninjaalgo.runner.TestNG" name="runScenario" time="0.927"/>
  <testcase classname="com.ninjaalgo.runner.TestNG" name="runScenario" time="5.236"/>
  <testcase classname="com.ninjaalgo.runner.TestNG" name="runScenario" time="0.926"/>
  <testcase classname="com.ninjaalgo.runner.TestNG" name="runScenario" time="4.652"/>
  <testcase classname="com.ninjaalgo.runner.TestNG" name="runScenario" time="0.798"/>
</testsuite> <!-- com.ninjaalgo.runner.TestNG -->
