<?xml version="1.0" encoding="UTF-8"?>
<!-- Generated by org.testng.reporters.JUnitReportReporter -->
<testsuite hostname="DESKTOP-TNIL84B" failures="0" tests="5" name="com.ninjaalgo.runner.TestNGDataStructure" time="14.154" errors="0" timestamp="2023-11-20T17:20:48 GMT-05:00" skipped="0">
  <testcase classname="com.ninjaalgo.runner.TestNGDataStructure" name="runScenario" time="5.622"/>
  <testcase classname="com.ninjaalgo.runner.TestNGDataStructure" name="runScenario" time="4.901"/>
  <testcase classname="com.ninjaalgo.runner.TestNGDataStructure" name="runScenario" time="2.022"/>
  <testcase classname="com.ninjaalgo.runner.TestNGDataStructure" name="runScenario" time="0.462"/>
  <testcase classname="com.ninjaalgo.runner.TestNGDataStructure" name="runScenario" time="1.147"/>
</testsuite> <!-- com.ninjaalgo.runner.TestNGDataStructure -->
