<?xml version="1.0" encoding="UTF-8"?>
<!-- Generated by org.testng.reporters.JUnitReportReporter -->
<testsuite hostname="DESKTOP-TNIL84B" failures="0" tests="9" name="com.ninjaalgo.runner.TestNG" time="39.310" errors="0" timestamp="2023-11-10T10:08:01 GMT-05:00" skipped="0">
  <testcase classname="com.ninjaalgo.runner.TestNG" name="runScenario" time="1.806"/>
  <testcase classname="com.ninjaalgo.runner.TestNG" name="runScenario" time="9.997"/>
  <testcase classname="com.ninjaalgo.runner.TestNG" name="runScenario" time="7.444"/>
  <testcase classname="com.ninjaalgo.runner.TestNG" name="runScenario" time="4.179"/>
  <testcase classname="com.ninjaalgo.runner.TestNG" name="runScenario" time="3.095"/>
  <testcase classname="com.ninjaalgo.runner.TestNG" name="runScenario" time="2.748"/>
  <testcase classname="com.ninjaalgo.runner.TestNG" name="runScenario" time="2.228"/>
  <testcase classname="com.ninjaalgo.runner.TestNG" name="runScenario" time="5.265"/>
  <testcase classname="com.ninjaalgo.runner.TestNG" name="runScenario" time="2.548"/>
</testsuite> <!-- com.ninjaalgo.runner.TestNG -->
