<?xml version="1.0" encoding="UTF-8"?>
<!-- Generated by org.testng.reporters.JUnitReportReporter -->
<testsuite hostname="DESKTOP-TNIL84B" failures="0" tests="6" name="com.ninjaalgo.runner.DDataSuite1" time="23.215" errors="0" timestamp="2023-11-16T10:41:27 GMT-05:00" skipped="0">
  <testcase classname="com.ninjaalgo.runner.DDataSuite1" name="runScenario" time="0.468"/>
  <testcase classname="com.ninjaalgo.runner.DDataSuite1" name="runScenario" time="6.815"/>
  <testcase classname="com.ninjaalgo.runner.DDataSuite1" name="runScenario" time="0.955"/>
  <testcase classname="com.ninjaalgo.runner.DDataSuite1" name="runScenario" time="1.227"/>
  <testcase classname="com.ninjaalgo.runner.DDataSuite1" name="runScenario" time="3.459"/>
  <testcase classname="com.ninjaalgo.runner.DDataSuite1" name="runScenario" time="10.291"/>
</testsuite> <!-- com.ninjaalgo.runner.DDataSuite1 -->
