<?xml version="1.0" encoding="UTF-8"?>
<!-- Generated by org.testng.reporters.JUnitReportReporter -->
<testsuite hostname="DESKTOP-TNIL84B" failures="0" tests="11" name="com.ninjaalgo.runner.TestNGStack" time="8.646" errors="0" timestamp="2023-12-01T13:48:31 GMT-05:00" skipped="0">
  <testcase classname="com.ninjaalgo.runner.TestNGStack" name="runScenario" time="0.950"/>
  <testcase classname="com.ninjaalgo.runner.TestNGStack" name="runScenario" time="1.167"/>
  <testcase classname="com.ninjaalgo.runner.TestNGStack" name="runScenario" time="0.821"/>
  <testcase classname="com.ninjaalgo.runner.TestNGStack" name="runScenario" time="0.976"/>
  <testcase classname="com.ninjaalgo.runner.TestNGStack" name="runScenario" time="0.673"/>
  <testcase classname="com.ninjaalgo.runner.TestNGStack" name="runScenario" time="0.208"/>
  <testcase classname="com.ninjaalgo.runner.TestNGStack" name="runScenario" time="0.654"/>
  <testcase classname="com.ninjaalgo.runner.TestNGStack" name="runScenario" time="0.478"/>
  <testcase classname="com.ninjaalgo.runner.TestNGStack" name="runScenario" time="1.183"/>
  <testcase classname="com.ninjaalgo.runner.TestNGStack" name="runScenario" time="0.698"/>
  <testcase classname="com.ninjaalgo.runner.TestNGStack" name="runScenario" time="0.838"/>
</testsuite> <!-- com.ninjaalgo.runner.TestNGStack -->
