<?xml version="1.0" encoding="UTF-8"?>
<!-- Generated by org.testng.reporters.JUnitReportReporter -->
<testsuite hostname="DESKTOP-TNIL84B" failures="0" tests="5" name="com.ninjaalgo.runner.BugChromeBrowser" time="18.881" errors="0" timestamp="2023-11-30T14:30:47 GMT-05:00" skipped="0">
  <testcase classname="com.ninjaalgo.runner.BugChromeBrowser" name="runScenario" time="0.612"/>
  <testcase classname="com.ninjaalgo.runner.BugChromeBrowser" name="runScenario" time="2.012"/>
  <testcase classname="com.ninjaalgo.runner.BugChromeBrowser" name="runScenario" time="8.454"/>
  <testcase classname="com.ninjaalgo.runner.BugChromeBrowser" name="runScenario" time="7.191"/>
  <testcase classname="com.ninjaalgo.runner.BugChromeBrowser" name="runScenario" time="0.612"/>
</testsuite> <!-- com.ninjaalgo.runner.BugChromeBrowser -->
