<?xml version="1.0" encoding="UTF-8"?>
<!-- Generated by org.testng.reporters.JUnitReportReporter -->
<testsuite hostname="DESKTOP-TNIL84B" failures="0" tests="5" name="com.ninjaalgo.runner.Arrayparallel1" time="26.650" errors="0" timestamp="2023-11-19T11:12:19 GMT-05:00" skipped="0">
  <testcase classname="com.ninjaalgo.runner.Arrayparallel1" name="runScenario" time="5.107"/>
  <testcase classname="com.ninjaalgo.runner.Arrayparallel1" name="runScenario" time="13.221"/>
  <testcase classname="com.ninjaalgo.runner.Arrayparallel1" name="runScenario" time="1.345"/>
  <testcase classname="com.ninjaalgo.runner.Arrayparallel1" name="runScenario" time="0.578"/>
  <testcase classname="com.ninjaalgo.runner.Arrayparallel1" name="runScenario" time="6.399"/>
</testsuite> <!-- com.ninjaalgo.runner.Arrayparallel1 -->
