<?xml version="1.0" encoding="UTF-8"?>
<!-- Generated by org.testng.reporters.JUnitReportReporter -->
<testsuite hostname="DESKTOP-TNIL84B" failures="0" tests="2" name="com.ninjaalgo.runner.DataArrayparallelSce" time="36.606" errors="0" timestamp="2023-11-22T07:56:50 GMT-05:00" skipped="0">
  <testcase classname="com.ninjaalgo.runner.DataArrayparallelSce" name="runScenario" time="14.407"/>
  <testcase classname="com.ninjaalgo.runner.DataArrayparallelSce" name="runScenario" time="22.199"/>
</testsuite> <!-- com.ninjaalgo.runner.DataArrayparallelSce -->
