<?xml version="1.0" encoding="UTF-8"?>
<!-- Generated by org.testng.reporters.JUnitReportReporter -->
<testsuite hostname="DESKTOP-TNIL84B" failures="0" tests="2" name="com.ninjaalgo.runner.DDLoginTestCase" time="5.002" errors="0" timestamp="25 Nov 2023 20:00:14 GMT" skipped="0">
  <testcase classname="com.ninjaalgo.runner.DDLoginTestCase" name="LoginValidity" time="0.541"/>
  <testcase classname="com.ninjaalgo.runner.DDLoginTestCase" name="LoginValidity" time="4.461"/>
</testsuite> <!-- com.ninjaalgo.runner.DDLoginTestCase -->
