<?xml version="1.0" encoding="UTF-8"?>
<!-- Generated by org.testng.reporters.JUnitReportReporter -->
<testsuite hostname="DESKTOP-TNIL84B" failures="0" tests="11" name="com.ninjaalgo.runner.TestNGStack" time="10.220" errors="0" timestamp="2023-11-29T16:36:06 GMT-05:00" skipped="0">
  <testcase classname="com.ninjaalgo.runner.TestNGStack" name="runScenario" time="0.779"/>
  <testcase classname="com.ninjaalgo.runner.TestNGStack" name="runScenario" time="0.277"/>
  <testcase classname="com.ninjaalgo.runner.TestNGStack" name="runScenario" time="0.742"/>
  <testcase classname="com.ninjaalgo.runner.TestNGStack" name="runScenario" time="0.709"/>
  <testcase classname="com.ninjaalgo.runner.TestNGStack" name="runScenario" time="1.002"/>
  <testcase classname="com.ninjaalgo.runner.TestNGStack" name="runScenario" time="1.000"/>
  <testcase classname="com.ninjaalgo.runner.TestNGStack" name="runScenario" time="1.769"/>
  <testcase classname="com.ninjaalgo.runner.TestNGStack" name="runScenario" time="1.010"/>
  <testcase classname="com.ninjaalgo.runner.TestNGStack" name="runScenario" time="1.188"/>
  <testcase classname="com.ninjaalgo.runner.TestNGStack" name="runScenario" time="0.535"/>
  <testcase classname="com.ninjaalgo.runner.TestNGStack" name="runScenario" time="1.209"/>
</testsuite> <!-- com.ninjaalgo.runner.TestNGStack -->
