<?xml version="1.0" encoding="UTF-8"?>
<!-- Generated by org.testng.reporters.JUnitReportReporter -->
<testsuite hostname="DESKTOP-TNIL84B" failures="0" tests="5" name="com.ninjaalgo.runner.TestNGDataStructure" time="14.304" errors="0" timestamp="2023-11-18T11:37:52 GMT-05:00" skipped="0">
  <testcase classname="com.ninjaalgo.runner.TestNGDataStructure" name="runScenario" time="5.569"/>
  <testcase classname="com.ninjaalgo.runner.TestNGDataStructure" name="runScenario" time="1.135"/>
  <testcase classname="com.ninjaalgo.runner.TestNGDataStructure" name="runScenario" time="2.196"/>
  <testcase classname="com.ninjaalgo.runner.TestNGDataStructure" name="runScenario" time="0.479"/>
  <testcase classname="com.ninjaalgo.runner.TestNGDataStructure" name="runScenario" time="4.925"/>
</testsuite> <!-- com.ninjaalgo.runner.TestNGDataStructure -->
