<?xml version="1.0" encoding="UTF-8"?>
<!-- Generated by org.testng.reporters.JUnitReportReporter -->
<testsuite hostname="DESKTOP-TNIL84B" failures="0" tests="2" name="com.ninjaalgo.runner.DDLoginTestCase" time="4.832" errors="0" timestamp="2023-11-22T07:57:25 GMT-05:00" skipped="0">
  <testcase classname="com.ninjaalgo.runner.DDLoginTestCase" name="LoginValidity" time="4.458"/>
  <testcase classname="com.ninjaalgo.runner.DDLoginTestCase" name="LoginValidity" time="0.374"/>
</testsuite> <!-- com.ninjaalgo.runner.DDLoginTestCase -->
