<?xml version="1.0" encoding="UTF-8"?>
<!-- Generated by org.testng.reporters.JUnitReportReporter -->
<testsuite hostname="DESKTOP-TNIL84B" failures="0" tests="1" name="com.ninjaalgo.runner.TestNGDataStructure" time="4.568" errors="1" timestamp="2023-11-14T21:12:08 GMT-05:00" skipped="0">
  <testcase classname="com.ninjaalgo.runner.TestNGDataStructure" name="runScenario" time="4.568">
    <error message="Cannot invoke &quot;org.openqa.selenium.WebDriver.get(String)&quot; because &quot;com.ninjaalgo.steps.CommonSteps.driver&quot; is null" type="java.lang.NullPointerException">
      <![CDATA[java.lang.NullPointerException: Cannot invoke "org.openqa.selenium.WebDriver.get(String)" because "com.ninjaalgo.steps.CommonSteps.driver" is null
at com.ninjaalgo.steps.CommonSteps.CreateDriver(CommonSteps.java:47)
at com.ninjaalgo.hooks.AppHooks.set_drivers(AppHooks.java:42)
]]>
    </error>
  </testcase> <!-- runScenario -->
</testsuite> <!-- com.ninjaalgo.runner.TestNGDataStructure -->
