<?xml version="1.0" encoding="UTF-8"?>
<!-- Generated by org.testng.reporters.JUnitReportReporter -->
<testsuite hostname="DESKTOP-TNIL84B" failures="0" tests="1" name="com.ninjaalgo.runner.DDPythonArrayTestCase" time="0.931" errors="0" timestamp="26 Nov 2023 01:20:10 GMT" skipped="0">
  <testcase classname="com.ninjaalgo.runner.DDPythonArrayTestCase" name="LoginValidity" time="0.931"/>
</testsuite> <!-- com.ninjaalgo.runner.DDPythonArrayTestCase -->
