<?xml version="1.0" encoding="UTF-8"?>
<!-- Generated by org.testng.reporters.JUnitReportReporter -->
<testsuite hostname="DESKTOP-TNIL84B" failures="0" tests="1" name="com.ninjaalgo.runner.DDPythonArrayTestCase" time="1.013" errors="0" timestamp="25 Nov 2023 20:00:14 GMT" skipped="0">
  <testcase classname="com.ninjaalgo.runner.DDPythonArrayTestCase" name="LoginValidity" time="1.013"/>
</testsuite> <!-- com.ninjaalgo.runner.DDPythonArrayTestCase -->
