<?xml version="1.0" encoding="UTF-8"?>
<!-- Generated by org.testng.reporters.JUnitReportReporter -->
<testsuite hostname="DESKTOP-TNIL84B" failures="0" tests="5" name="com.ninjaalgo.runner.ArrayEdgeBrowser" time="23.617" errors="0" timestamp="2023-11-22T07:53:04 GMT-05:00" skipped="0">
  <testcase classname="com.ninjaalgo.runner.ArrayEdgeBrowser" name="runScenario" time="5.919"/>
  <testcase classname="com.ninjaalgo.runner.ArrayEdgeBrowser" name="runScenario" time="0.739"/>
  <testcase classname="com.ninjaalgo.runner.ArrayEdgeBrowser" name="runScenario" time="11.854"/>
  <testcase classname="com.ninjaalgo.runner.ArrayEdgeBrowser" name="runScenario" time="0.456"/>
  <testcase classname="com.ninjaalgo.runner.ArrayEdgeBrowser" name="runScenario" time="4.649"/>
</testsuite> <!-- com.ninjaalgo.runner.ArrayEdgeBrowser -->
