<?xml version="1.0" encoding="UTF-8"?>
<!-- Generated by org.testng.reporters.JUnitReportReporter -->
<testsuite hostname="DESKTOP-TNIL84B" failures="0" tests="5" name="com.ninjaalgo.runner.TestNGDataStructure" time="12.091" errors="0" timestamp="2023-11-22T07:58:02 GMT-05:00" skipped="0">
  <testcase classname="com.ninjaalgo.runner.TestNGDataStructure" name="runScenario" time="0.456"/>
  <testcase classname="com.ninjaalgo.runner.TestNGDataStructure" name="runScenario" time="4.509"/>
  <testcase classname="com.ninjaalgo.runner.TestNGDataStructure" name="runScenario" time="1.858"/>
  <testcase classname="com.ninjaalgo.runner.TestNGDataStructure" name="runScenario" time="0.644"/>
  <testcase classname="com.ninjaalgo.runner.TestNGDataStructure" name="runScenario" time="4.624"/>
</testsuite> <!-- com.ninjaalgo.runner.TestNGDataStructure -->
