<?xml version="1.0" encoding="UTF-8"?>
<!-- Generated by org.testng.reporters.JUnitReportReporter -->
<testsuite hostname="DESKTOP-TNIL84B" failures="0" tests="5" name="com.ninjaalgo.runner.ArrayChromeBrowser" time="25.188" errors="0" timestamp="2023-11-20T17:51:51 GMT-05:00" skipped="0">
  <testcase classname="com.ninjaalgo.runner.ArrayChromeBrowser" name="runScenario" time="0.591"/>
  <testcase classname="com.ninjaalgo.runner.ArrayChromeBrowser" name="runScenario" time="4.934"/>
  <testcase classname="com.ninjaalgo.runner.ArrayChromeBrowser" name="runScenario" time="13.654"/>
  <testcase classname="com.ninjaalgo.runner.ArrayChromeBrowser" name="runScenario" time="0.973"/>
  <testcase classname="com.ninjaalgo.runner.ArrayChromeBrowser" name="runScenario" time="5.036"/>
</testsuite> <!-- com.ninjaalgo.runner.ArrayChromeBrowser -->
