<?xml version="1.0" encoding="UTF-8"?>
<!-- Generated by org.testng.reporters.JUnitReportReporter -->
<testsuite hostname="DESKTOP-TNIL84B" failures="0" tests="5" name="com.ninjaalgo.runner.BugChromeBrowser" time="8.572" errors="0" timestamp="2023-11-17T17:59:56 GMT-05:00" skipped="0">
  <testcase classname="com.ninjaalgo.runner.BugChromeBrowser" name="runScenario" time="0.928"/>
  <testcase classname="com.ninjaalgo.runner.BugChromeBrowser" name="runScenario" time="0.612"/>
  <testcase classname="com.ninjaalgo.runner.BugChromeBrowser" name="runScenario" time="5.753"/>
  <testcase classname="com.ninjaalgo.runner.BugChromeBrowser" name="runScenario" time="0.674"/>
  <testcase classname="com.ninjaalgo.runner.BugChromeBrowser" name="runScenario" time="0.605"/>
</testsuite> <!-- com.ninjaalgo.runner.BugChromeBrowser -->
