<?xml version="1.0" encoding="UTF-8"?>
<!-- Generated by org.testng.reporters.JUnitReportReporter -->
<testsuite hostname="DESKTOP-TNIL84B" failures="0" tests="5" name="com.ninjaalgo.runner.ArrayEdgeBrowser" time="23.780" errors="0" timestamp="2023-11-20T17:51:51 GMT-05:00" skipped="0">
  <testcase classname="com.ninjaalgo.runner.ArrayEdgeBrowser" name="runScenario" time="5.894"/>
  <testcase classname="com.ninjaalgo.runner.ArrayEdgeBrowser" name="runScenario" time="1.056"/>
  <testcase classname="com.ninjaalgo.runner.ArrayEdgeBrowser" name="runScenario" time="4.977"/>
  <testcase classname="com.ninjaalgo.runner.ArrayEdgeBrowser" name="runScenario" time="0.561"/>
  <testcase classname="com.ninjaalgo.runner.ArrayEdgeBrowser" name="runScenario" time="11.292"/>
</testsuite> <!-- com.ninjaalgo.runner.ArrayEdgeBrowser -->
