<?xml version="1.0" encoding="UTF-8"?>
<!-- Generated by org.testng.reporters.JUnitReportReporter -->
<testsuite hostname="DESKTOP-TNIL84B" failures="0" tests="5" name="com.ninjaalgo.runner.TestNGDataStructure" time="13.835" errors="0" timestamp="2023-11-20T16:22:46 GMT-05:00" skipped="0">
  <testcase classname="com.ninjaalgo.runner.TestNGDataStructure" name="runScenario" time="4.878"/>
  <testcase classname="com.ninjaalgo.runner.TestNGDataStructure" name="runScenario" time="2.062"/>
  <testcase classname="com.ninjaalgo.runner.TestNGDataStructure" name="runScenario" time="5.303"/>
  <testcase classname="com.ninjaalgo.runner.TestNGDataStructure" name="runScenario" time="0.530"/>
  <testcase classname="com.ninjaalgo.runner.TestNGDataStructure" name="runScenario" time="1.062"/>
</testsuite> <!-- com.ninjaalgo.runner.TestNGDataStructure -->
