<?xml version="1.0" encoding="UTF-8"?>
<!-- Generated by org.testng.reporters.JUnitReportReporter -->
<testsuite hostname="DESKTOP-TNIL84B" failures="0" tests="1" name="com.ninjaalgo.runner.DataparallelClass" time="14.698" errors="0" timestamp="26 Nov 2023 00:27:43 GMT" skipped="0">
  <testcase classname="com.ninjaalgo.runner.DataparallelClass" name="runScenario" time="14.698"/>
</testsuite> <!-- com.ninjaalgo.runner.DataparallelClass -->
