<?xml version="1.0" encoding="UTF-8"?>
<!-- Generated by org.testng.reporters.JUnitReportReporter -->
<testsuite hostname="DESKTOP-TNIL84B" failures="0" tests="4" name="com.ninjaalgo.runner.TestNGGraph" time="3.175" errors="0" timestamp="2023-12-01T13:48:31 GMT-05:00" skipped="0">
  <testcase classname="com.ninjaalgo.runner.TestNGGraph" name="runScenario" time="0.688"/>
  <testcase classname="com.ninjaalgo.runner.TestNGGraph" name="runScenario" time="0.740"/>
  <testcase classname="com.ninjaalgo.runner.TestNGGraph" name="runScenario" time="0.935"/>
  <testcase classname="com.ninjaalgo.runner.TestNGGraph" name="runScenario" time="0.812"/>
</testsuite> <!-- com.ninjaalgo.runner.TestNGGraph -->
