<?xml version="1.0" encoding="UTF-8"?>
<!-- Generated by org.testng.reporters.JUnitReportReporter -->
<testsuite hostname="DESKTOP-TNIL84B" failures="0" tests="1" name="com.ninjaalgo.runner.ArrayparallelClass" time="22.881" errors="0" timestamp="2023-11-20T16:46:41 GMT-05:00" skipped="0">
  <testcase classname="com.ninjaalgo.runner.ArrayparallelClass" name="runScenario" time="22.881"/>
</testsuite> <!-- com.ninjaalgo.runner.ArrayparallelClass -->
