<?xml version="1.0" encoding="UTF-8"?>
<!-- Generated by org.testng.reporters.JUnitReportReporter -->
<testsuite hostname="DESKTOP-TNIL84B" failures="0" tests="5" name="com.ninjaalgo.runner.ArrayChromeBrowser" time="24.195" errors="0" timestamp="2023-11-18T15:12:58 GMT-05:00" skipped="0">
  <testcase classname="com.ninjaalgo.runner.ArrayChromeBrowser" name="runScenario" time="0.533"/>
  <testcase classname="com.ninjaalgo.runner.ArrayChromeBrowser" name="runScenario" time="1.210"/>
  <testcase classname="com.ninjaalgo.runner.ArrayChromeBrowser" name="runScenario" time="5.018"/>
  <testcase classname="com.ninjaalgo.runner.ArrayChromeBrowser" name="runScenario" time="4.801"/>
  <testcase classname="com.ninjaalgo.runner.ArrayChromeBrowser" name="runScenario" time="12.633"/>
</testsuite> <!-- com.ninjaalgo.runner.ArrayChromeBrowser -->
