<?xml version="1.0" encoding="UTF-8"?>
<!-- Generated by org.testng.reporters.JUnitReportReporter -->
<testsuite hostname="DESKTOP-TNIL84B" failures="0" tests="5" name="com.ninjaalgo.runner.ArrayEdgeBrowser" time="22.450" errors="0" timestamp="26 Nov 2023 01:21:12 GMT" skipped="0">
  <testcase classname="com.ninjaalgo.runner.ArrayEdgeBrowser" name="runScenario" time="0.635"/>
  <testcase classname="com.ninjaalgo.runner.ArrayEdgeBrowser" name="runScenario" time="4.397"/>
  <testcase classname="com.ninjaalgo.runner.ArrayEdgeBrowser" name="runScenario" time="0.651"/>
  <testcase classname="com.ninjaalgo.runner.ArrayEdgeBrowser" name="runScenario" time="4.647"/>
  <testcase classname="com.ninjaalgo.runner.ArrayEdgeBrowser" name="runScenario" time="12.120"/>
</testsuite> <!-- com.ninjaalgo.runner.ArrayEdgeBrowser -->
