<?xml version="1.0" encoding="UTF-8"?>
<!-- Generated by org.testng.reporters.JUnitReportReporter -->
<testsuite hostname="DESKTOP-TNIL84B" failures="0" tests="1" name="com.ninjaalgo.runner.TestNG" time="18.403" errors="0" timestamp="2023-11-11T08:34:38 GMT-05:00" skipped="0">
  <testcase classname="com.ninjaalgo.runner.TestNG" name="runScenario" time="18.403"/>
</testsuite> <!-- com.ninjaalgo.runner.TestNG -->
