<?xml version="1.0" encoding="UTF-8"?>
<!-- Generated by org.testng.reporters.JUnitReportReporter -->
<testsuite hostname="DESKTOP-TNIL84B" failures="0" tests="4" name="com.ninjaalgo.runner.TestNGDataStructure" time="14.939" errors="0" timestamp="2023-11-30T13:21:50 GMT-05:00" skipped="0">
  <testcase classname="com.ninjaalgo.runner.TestNGDataStructure" name="runScenario" time="0.645"/>
  <testcase classname="com.ninjaalgo.runner.TestNGDataStructure" name="runScenario" time="5.145"/>
  <testcase classname="com.ninjaalgo.runner.TestNGDataStructure" name="runScenario" time="2.073"/>
  <testcase classname="com.ninjaalgo.runner.TestNGDataStructure" name="runScenario" time="7.076"/>
</testsuite> <!-- com.ninjaalgo.runner.TestNGDataStructure -->
