<?xml version="1.0" encoding="UTF-8"?>
<!-- Generated by org.testng.reporters.JUnitReportReporter -->
<testsuite hostname="DESKTOP-TNIL84B" failures="0" tests="2" name="com.ninjaalgo.runner.Dataparallel1" time="36.922" errors="0" timestamp="2023-11-20T16:20:47 GMT-05:00" skipped="0">
  <testcase classname="com.ninjaalgo.runner.Dataparallel1" name="runScenario" time="22.330"/>
  <testcase classname="com.ninjaalgo.runner.Dataparallel1" name="runScenario" time="14.592"/>
</testsuite> <!-- com.ninjaalgo.runner.Dataparallel1 -->
