<?xml version="1.0" encoding="UTF-8"?>
<!-- Generated by org.testng.reporters.JUnitReportReporter -->
<testsuite hostname="DESKTOP-TNIL84B" failures="0" tests="2" name="com.ninjaalgo.runner.TestNGTree" time="10.911" errors="0" timestamp="2023-12-01T13:51:37 GMT-05:00" skipped="0">
  <testcase classname="com.ninjaalgo.runner.TestNGTree" name="runScenario" time="0.908"/>
  <testcase classname="com.ninjaalgo.runner.TestNGTree" name="runScenario" time="10.003"/>
</testsuite> <!-- com.ninjaalgo.runner.TestNGTree -->
