<?xml version="1.0" encoding="UTF-8"?>
<!-- Generated by org.testng.reporters.JUnitReportReporter -->
<testsuite hostname="DESKTOP-TNIL84B" failures="0" tests="2" name="com.ninjaalgo.runner.TestNGGraph" time="2.549" errors="0" timestamp="2023-11-30T07:30:13 GMT-05:00" skipped="0">
  <testcase classname="com.ninjaalgo.runner.TestNGGraph" name="runScenario" time="1.283"/>
  <testcase classname="com.ninjaalgo.runner.TestNGGraph" name="runScenario" time="1.266"/>
</testsuite> <!-- com.ninjaalgo.runner.TestNGGraph -->
