<?xml version="1.0" encoding="UTF-8"?>
<!-- Generated by org.testng.reporters.JUnitReportReporter -->
<testsuite hostname="DESKTOP-TNIL84B" failures="0" tests="1" name="com.ninjaalgo.runner.DDPythonArrayTestCase" time="0.917" errors="0" timestamp="2023-11-22T07:57:25 GMT-05:00" skipped="0">
  <testcase classname="com.ninjaalgo.runner.DDPythonArrayTestCase" name="LoginValidity" time="0.917"/>
</testsuite> <!-- com.ninjaalgo.runner.DDPythonArrayTestCase -->
