<?xml version="1.0" encoding="UTF-8"?>
<!-- Generated by org.testng.reporters.JUnitReportReporter -->
<testsuite hostname="DESKTOP-TNIL84B" failures="0" tests="5" name="com.ninjaalgo.runner.ArrayChromeBrowser" time="24.996" errors="0" timestamp="2023-11-20T17:01:56 GMT-05:00" skipped="0">
  <testcase classname="com.ninjaalgo.runner.ArrayChromeBrowser" name="runScenario" time="5.927"/>
  <testcase classname="com.ninjaalgo.runner.ArrayChromeBrowser" name="runScenario" time="4.878"/>
  <testcase classname="com.ninjaalgo.runner.ArrayChromeBrowser" name="runScenario" time="0.516"/>
  <testcase classname="com.ninjaalgo.runner.ArrayChromeBrowser" name="runScenario" time="12.648"/>
  <testcase classname="com.ninjaalgo.runner.ArrayChromeBrowser" name="runScenario" time="1.027"/>
</testsuite> <!-- com.ninjaalgo.runner.ArrayChromeBrowser -->
