<?xml version="1.0" encoding="UTF-8"?>
<!-- Generated by org.testng.reporters.JUnitReportReporter -->
<testsuite hostname="DESKTOP-TNIL84B" failures="0" tests="7" name="com.ninjaalgo.runner.TestNGLinkedList" time="12.278" errors="0" timestamp="26 Nov 2023 00:22:49 GMT" skipped="0">
  <testcase classname="com.ninjaalgo.runner.TestNGLinkedList" name="runScenario" time="7.600"/>
  <testcase classname="com.ninjaalgo.runner.TestNGLinkedList" name="runScenario" time="0.774"/>
  <testcase classname="com.ninjaalgo.runner.TestNGLinkedList" name="runScenario" time="0.929"/>
  <testcase classname="com.ninjaalgo.runner.TestNGLinkedList" name="runScenario" time="0.926"/>
  <testcase classname="com.ninjaalgo.runner.TestNGLinkedList" name="runScenario" time="0.606"/>
  <testcase classname="com.ninjaalgo.runner.TestNGLinkedList" name="runScenario" time="0.712"/>
  <testcase classname="com.ninjaalgo.runner.TestNGLinkedList" name="runScenario" time="0.731"/>
</testsuite> <!-- com.ninjaalgo.runner.TestNGLinkedList -->
