<?xml version="1.0" encoding="UTF-8"?>
<!-- Generated by org.testng.reporters.JUnitReportReporter -->
<testsuite hostname="DESKTOP-TNIL84B" failures="0" tests="7" name="com.ninjaalgo.runner.TestNGLinkedList" time="13.369" errors="0" timestamp="2023-11-30T07:36:28 GMT-05:00" skipped="0">
  <testcase classname="com.ninjaalgo.runner.TestNGLinkedList" name="runScenario" time="0.751"/>
  <testcase classname="com.ninjaalgo.runner.TestNGLinkedList" name="runScenario" time="0.745"/>
  <testcase classname="com.ninjaalgo.runner.TestNGLinkedList" name="runScenario" time="0.699"/>
  <testcase classname="com.ninjaalgo.runner.TestNGLinkedList" name="runScenario" time="0.907"/>
  <testcase classname="com.ninjaalgo.runner.TestNGLinkedList" name="runScenario" time="0.736"/>
  <testcase classname="com.ninjaalgo.runner.TestNGLinkedList" name="runScenario" time="8.782"/>
  <testcase classname="com.ninjaalgo.runner.TestNGLinkedList" name="runScenario" time="0.749"/>
</testsuite> <!-- com.ninjaalgo.runner.TestNGLinkedList -->
