<?xml version="1.0" encoding="UTF-8"?>
<!-- Generated by org.testng.reporters.JUnitReportReporter -->
<testsuite hostname="DESKTOP-TNIL84B" failures="0" tests="4" name="com.ninjaalgo.runner.TestNGDataStructure" time="11.920" errors="0" timestamp="2023-12-01T13:51:37 GMT-05:00" skipped="0">
  <testcase classname="com.ninjaalgo.runner.TestNGDataStructure" name="runScenario" time="4.110"/>
  <testcase classname="com.ninjaalgo.runner.TestNGDataStructure" name="runScenario" time="4.893"/>
  <testcase classname="com.ninjaalgo.runner.TestNGDataStructure" name="runScenario" time="2.515"/>
  <testcase classname="com.ninjaalgo.runner.TestNGDataStructure" name="runScenario" time="0.402"/>
</testsuite> <!-- com.ninjaalgo.runner.TestNGDataStructure -->
