<?xml version="1.0" encoding="UTF-8"?>
<!-- Generated by org.testng.reporters.JUnitReportReporter -->
<testsuite hostname="DESKTOP-TNIL84B" failures="0" tests="1" name="com.ninjaalgo.runner.ArrayparallelClass" time="21.200" errors="0" timestamp="2023-11-20T17:50:27 GMT-05:00" skipped="0">
  <testcase classname="com.ninjaalgo.runner.ArrayparallelClass" name="runScenario" time="21.200"/>
</testsuite> <!-- com.ninjaalgo.runner.ArrayparallelClass -->
