<?xml version="1.0" encoding="UTF-8"?>
<!-- Generated by org.testng.reporters.JUnitReportReporter -->
<testsuite hostname="DESKTOP-TNIL84B" failures="0" tests="5" name="com.ninjaalgo.runner.TestNG" time="11.027" errors="0" timestamp="2023-11-08T07:20:05 GMT-05:00" skipped="0">
  <testcase classname="com.ninjaalgo.runner.TestNG" name="runScenario" time="1.304"/>
  <testcase classname="com.ninjaalgo.runner.TestNG" name="runScenario" time="1.364"/>
  <testcase classname="com.ninjaalgo.runner.TestNG" name="runScenario" time="6.483"/>
  <testcase classname="com.ninjaalgo.runner.TestNG" name="runScenario" time="1.382"/>
  <testcase classname="com.ninjaalgo.runner.TestNG" name="runScenario" time="0.494"/>
</testsuite> <!-- com.ninjaalgo.runner.TestNG -->
