<?xml version="1.0" encoding="UTF-8"?>
<!-- Generated by org.testng.reporters.JUnitReportReporter -->
<testsuite hostname="DESKTOP-TNIL84B" failures="0" tests="1" name="com.ninjaalgo.runner.ArrayparallelClass" time="21.905" errors="0" timestamp="26 Nov 2023 00:27:43 GMT" skipped="0">
  <testcase classname="com.ninjaalgo.runner.ArrayparallelClass" name="runScenario" time="21.905"/>
</testsuite> <!-- com.ninjaalgo.runner.ArrayparallelClass -->
