<?xml version="1.0" encoding="UTF-8"?>
<!-- Generated by org.testng.reporters.JUnitReportReporter -->
<testsuite hostname="DESKTOP-TNIL84B" failures="0" tests="11" name="com.ninjaalgo.runner.TestNGStack" time="8.755" errors="0" timestamp="2023-11-29T14:10:12 GMT-05:00" skipped="0">
  <testcase classname="com.ninjaalgo.runner.TestNGStack" name="runScenario" time="0.929"/>
  <testcase classname="com.ninjaalgo.runner.TestNGStack" name="runScenario" time="0.805"/>
  <testcase classname="com.ninjaalgo.runner.TestNGStack" name="runScenario" time="0.939"/>
  <testcase classname="com.ninjaalgo.runner.TestNGStack" name="runScenario" time="0.543"/>
  <testcase classname="com.ninjaalgo.runner.TestNGStack" name="runScenario" time="1.176"/>
  <testcase classname="com.ninjaalgo.runner.TestNGStack" name="runScenario" time="1.263"/>
  <testcase classname="com.ninjaalgo.runner.TestNGStack" name="runScenario" time="0.699"/>
  <testcase classname="com.ninjaalgo.runner.TestNGStack" name="runScenario" time="0.418"/>
  <testcase classname="com.ninjaalgo.runner.TestNGStack" name="runScenario" time="1.058"/>
  <testcase classname="com.ninjaalgo.runner.TestNGStack" name="runScenario" time="0.235"/>
  <testcase classname="com.ninjaalgo.runner.TestNGStack" name="runScenario" time="0.690"/>
</testsuite> <!-- com.ninjaalgo.runner.TestNGStack -->
