<?xml version="1.0" encoding="UTF-8"?>
<!-- Generated by org.testng.reporters.JUnitReportReporter -->
<testsuite hostname="DESKTOP-TNIL84B" failures="0" tests="2" name="com.ninjaalgo.runner.DDLoginTestCase" time="1.756" errors="0" timestamp="2023-11-08T19:51:16 GMT-05:00" skipped="0">
  <testcase classname="com.ninjaalgo.runner.DDLoginTestCase" name="LoginValidity" time="0.810"/>
  <testcase classname="com.ninjaalgo.runner.DDLoginTestCase" name="LoginValidity" time="0.946"/>
</testsuite> <!-- com.ninjaalgo.runner.DDLoginTestCase -->
