<?xml version="1.0" encoding="UTF-8"?>
<!-- Generated by org.testng.reporters.JUnitReportReporter -->
<testsuite hostname="DESKTOP-TNIL84B" failures="0" tests="2" name="com.ninjaalgo.runner.TestNGArray" time="12.213" errors="0" timestamp="2023-11-29T15:22:23 GMT-05:00" skipped="0">
  <testcase classname="com.ninjaalgo.runner.TestNGArray" name="runScenario" time="12.169"/>
  <testcase classname="com.ninjaalgo.runner.TestNGArray" name="runScenario" time="0.044"/>
</testsuite> <!-- com.ninjaalgo.runner.TestNGArray -->
