<?xml version="1.0" encoding="UTF-8"?>
<!-- Generated by org.testng.reporters.JUnitReportReporter -->
<testsuite hostname="DESKTOP-TNIL84B" failures="0" tests="4" name="com.ninjaalgo.runner.TestNGArray" time="22.136" errors="0" timestamp="2023-11-30T13:14:33 GMT-05:00" skipped="0">
  <testcase classname="com.ninjaalgo.runner.TestNGArray" name="runScenario" time="1.738"/>
  <testcase classname="com.ninjaalgo.runner.TestNGArray" name="runScenario" time="6.005"/>
  <testcase classname="com.ninjaalgo.runner.TestNGArray" name="runScenario" time="12.723"/>
  <testcase classname="com.ninjaalgo.runner.TestNGArray" name="runScenario" time="1.670"/>
</testsuite> <!-- com.ninjaalgo.runner.TestNGArray -->
