<?xml version="1.0" encoding="UTF-8"?>
<!-- Generated by org.testng.reporters.JUnitReportReporter -->
<testsuite hostname="DESKTOP-TNIL84B" failures="0" tests="5" name="com.ninjaalgo.runner.ArrayChromeBrowser" time="24.655" errors="0" timestamp="26 Nov 2023 01:21:12 GMT" skipped="0">
  <testcase classname="com.ninjaalgo.runner.ArrayChromeBrowser" name="runScenario" time="0.749"/>
  <testcase classname="com.ninjaalgo.runner.ArrayChromeBrowser" name="runScenario" time="4.664"/>
  <testcase classname="com.ninjaalgo.runner.ArrayChromeBrowser" name="runScenario" time="13.685"/>
  <testcase classname="com.ninjaalgo.runner.ArrayChromeBrowser" name="runScenario" time="0.520"/>
  <testcase classname="com.ninjaalgo.runner.ArrayChromeBrowser" name="runScenario" time="5.037"/>
</testsuite> <!-- com.ninjaalgo.runner.ArrayChromeBrowser -->
