<?xml version="1.0" encoding="UTF-8"?>
<!-- Generated by org.testng.reporters.JUnitReportReporter -->
<testsuite hostname="DESKTOP-TNIL84B" failures="0" tests="4" name="com.ninjaalgo.runner.TestNGQueue" time="23.249" errors="0" timestamp="2023-12-01T13:48:31 GMT-05:00" skipped="0">
  <testcase classname="com.ninjaalgo.runner.TestNGQueue" name="runScenario" time="2.694"/>
  <testcase classname="com.ninjaalgo.runner.TestNGQueue" name="runScenario" time="6.759"/>
  <testcase classname="com.ninjaalgo.runner.TestNGQueue" name="runScenario" time="6.831"/>
  <testcase classname="com.ninjaalgo.runner.TestNGQueue" name="runScenario" time="6.965"/>
</testsuite> <!-- com.ninjaalgo.runner.TestNGQueue -->
