<?xml version="1.0" encoding="UTF-8"?>
<!-- Generated by org.testng.reporters.JUnitReportReporter -->
<testsuite hostname="DESKTOP-TNIL84B" failures="0" tests="6" name="com.ninjaalgo.runner.DDataSuite1" time="0.804" errors="6" timestamp="2023-11-14T21:08:09 GMT-05:00" skipped="0">
  <testcase classname="com.ninjaalgo.runner.DDataSuite1" name="runScenario" time="0.013">
    <error message="Cannot invoke &quot;org.openqa.selenium.WebDriver.getCurrentUrl()&quot; because &quot;driver&quot; is null" type="java.lang.NullPointerException">
      <![CDATA[java.lang.NullPointerException: Cannot invoke "org.openqa.selenium.WebDriver.getCurrentUrl()" because "driver" is null
at com.ninjaalgo.steps.CommonSteps.Click_SignIn(CommonSteps.java:101)
at ✽.Click SignIn(classpath:com/ninjaalgo/features/CLogin.feature:12)
]]>
    </error>
  </testcase> <!-- runScenario -->
  <testcase classname="com.ninjaalgo.runner.DDataSuite1" name="runScenario" time="0.054">
    <error message="Cannot invoke &quot;org.openqa.selenium.SearchContext.findElement(org.openqa.selenium.By)&quot; because &quot;this.searchContext&quot; is null" type="java.lang.NullPointerException">
      <![CDATA[java.lang.NullPointerException: Cannot invoke "org.openqa.selenium.SearchContext.findElement(org.openqa.selenium.By)" because "this.searchContext" is null
at org.openqa.selenium.support.pagefactory.DefaultElementLocator.findElement(DefaultElementLocator.java:68)
at org.openqa.selenium.support.pagefactory.internal.LocatingElementHandler.invoke(LocatingElementHandler.java:38)
at jdk.proxy2/jdk.proxy2.$Proxy37.click(Unknown Source)
at com.ninjaalgo.pages.StartPage.ClickButton(StartPage.java:32)
at com.ninjaalgo.steps.CommonSteps.click_get_started_button(CommonSteps.java:91)
at ✽.Click Get Started button(classpath:com/ninjaalgo/features/BStartChrome.feature:12)
]]>
    </error>
  </testcase> <!-- runScenario -->
  <testcase classname="com.ninjaalgo.runner.DDataSuite1" name="runScenario" time="0.018">
    <error message="Cannot invoke &quot;org.openqa.selenium.WebDriver.get(String)&quot; because &quot;driver&quot; is null" type="java.lang.NullPointerException">
      <![CDATA[java.lang.NullPointerException: Cannot invoke "org.openqa.selenium.WebDriver.get(String)" because "driver" is null
at com.ninjaalgo.hooks.AppHooks.before(AppHooks.java:76)
]]>
    </error>
  </testcase> <!-- runScenario -->
  <testcase classname="com.ninjaalgo.runner.DDataSuite1" name="runScenario" time="0.017">
    <error message="Cannot invoke &quot;org.openqa.selenium.WebDriver.getCurrentUrl()&quot; because &quot;driver&quot; is null" type="java.lang.NullPointerException">
      <![CDATA[java.lang.NullPointerException: Cannot invoke "org.openqa.selenium.WebDriver.getCurrentUrl()" because "driver" is null
at com.ninjaalgo.steps.CommonSteps.Click_SignIn(CommonSteps.java:101)
at ✽.Click SignIn(classpath:com/ninjaalgo/features/CLogin.feature:12)
]]>
    </error>
  </testcase> <!-- runScenario -->
  <testcase classname="com.ninjaalgo.runner.DDataSuite1" name="runScenario" time="0.023">
    <error message="Cannot invoke &quot;org.openqa.selenium.WebDriver.get(String)&quot; because &quot;driver&quot; is null" type="java.lang.NullPointerException">
      <![CDATA[java.lang.NullPointerException: Cannot invoke "org.openqa.selenium.WebDriver.get(String)" because "driver" is null
at com.ninjaalgo.hooks.AppHooks.before(AppHooks.java:76)
]]>
    </error>
  </testcase> <!-- runScenario -->
  <testcase classname="com.ninjaalgo.runner.DDataSuite1" name="runScenario" time="0.679">
    <error message="Stream Closed" type="java.io.IOException">
      <![CDATA[java.io.IOException: Stream Closed
at java.base/java.io.FileInputStream.readBytes(Native Method)
at java.base/java.io.FileInputStream.read(FileInputStream.java:269)
at java.base/java.util.Properties$LineReader.readLine(Properties.java:504)
at java.base/java.util.Properties.load0(Properties.java:420)
at java.base/java.util.Properties.load(Properties.java:409)
at com.ninjaalgo.utils.ConfigReader.initializeProperties(ConfigReader.java:22)
at com.ninjaalgo.driverfactory.DriverFactory.SingleDriver(DriverFactory.java:25)
at com.ninjaalgo.steps.CommonSteps.CreateDriver(CommonSteps.java:44)
at com.ninjaalgo.steps.CommonSteps.open_url_with_browser(CommonSteps.java:38)
at ✽.open url with "chrome" browser(classpath:com/ninjaalgo/features/BStartChrome.feature:8)
]]>
    </error>
  </testcase> <!-- runScenario -->
</testsuite> <!-- com.ninjaalgo.runner.DDataSuite1 -->
