<?xml version="1.0" encoding="UTF-8"?>
<!-- Generated by org.testng.reporters.JUnitReportReporter -->
<testsuite hostname="DESKTOP-TNIL84B" failures="0" tests="4" name="com.ninjaalgo.runner.TestNGArray" time="19.850" errors="0" timestamp="26 Nov 2023 00:22:49 GMT" skipped="0">
  <testcase classname="com.ninjaalgo.runner.TestNGArray" name="runScenario" time="10.003"/>
  <testcase classname="com.ninjaalgo.runner.TestNGArray" name="runScenario" time="6.110"/>
  <testcase classname="com.ninjaalgo.runner.TestNGArray" name="runScenario" time="1.824"/>
  <testcase classname="com.ninjaalgo.runner.TestNGArray" name="runScenario" time="1.913"/>
</testsuite> <!-- com.ninjaalgo.runner.TestNGArray -->
