<?xml version="1.0" encoding="UTF-8"?>
<!-- Generated by org.testng.reporters.JUnitReportReporter -->
<testsuite hostname="DESKTOP-TNIL84B" failures="0" tests="6" name="com.ninjaalgo.runner.TestNG" time="9.523" errors="0" timestamp="2023-11-08T09:05:06 GMT-05:00" skipped="0">
  <testcase classname="com.ninjaalgo.runner.TestNG" name="runScenario" time="0.451"/>
  <testcase classname="com.ninjaalgo.runner.TestNG" name="runScenario" time="0.673"/>
  <testcase classname="com.ninjaalgo.runner.TestNG" name="runScenario" time="0.789"/>
  <testcase classname="com.ninjaalgo.runner.TestNG" name="runScenario" time="1.045"/>
  <testcase classname="com.ninjaalgo.runner.TestNG" name="runScenario" time="5.641"/>
  <testcase classname="com.ninjaalgo.runner.TestNG" name="runScenario" time="0.924"/>
</testsuite> <!-- com.ninjaalgo.runner.TestNG -->
