<?xml version="1.0" encoding="UTF-8"?>
<!-- Generated by org.testng.reporters.JUnitReportReporter -->
<testsuite hostname="DESKTOP-TNIL84B" failures="0" tests="2" name="com.ninjaalgo.runner.DDLoginTestCase" time="4.885" errors="0" timestamp="2023-11-25T21:10:04 GMT-05:00" skipped="0">
  <testcase classname="com.ninjaalgo.runner.DDLoginTestCase" name="LoginValidity" time="0.409"/>
  <testcase classname="com.ninjaalgo.runner.DDLoginTestCase" name="LoginValidity" time="4.476"/>
</testsuite> <!-- com.ninjaalgo.runner.DDLoginTestCase -->
