<?xml version="1.0" encoding="UTF-8"?>
<!-- Generated by org.testng.reporters.JUnitReportReporter -->
<testsuite hostname="DESKTOP-TNIL84B" failures="0" tests="2" name="com.ninjaalgo.runner.DataArrayparallelSce" time="39.947" errors="0" timestamp="26 Nov 2023 01:19:31 GMT" skipped="0">
  <testcase classname="com.ninjaalgo.runner.DataArrayparallelSce" name="runScenario" time="16.306"/>
  <testcase classname="com.ninjaalgo.runner.DataArrayparallelSce" name="runScenario" time="23.641"/>
</testsuite> <!-- com.ninjaalgo.runner.DataArrayparallelSce -->
