<?xml version="1.0" encoding="UTF-8"?>
<!-- Generated by org.testng.reporters.JUnitReportReporter -->
<testsuite hostname="DESKTOP-TNIL84B" failures="0" tests="5" name="com.ninjaalgo.runner.ArrayChromeBrowser" time="23.560" errors="0" timestamp="2023-11-22T07:53:04 GMT-05:00" skipped="0">
  <testcase classname="com.ninjaalgo.runner.ArrayChromeBrowser" name="runScenario" time="4.747"/>
  <testcase classname="com.ninjaalgo.runner.ArrayChromeBrowser" name="runScenario" time="5.306"/>
  <testcase classname="com.ninjaalgo.runner.ArrayChromeBrowser" name="runScenario" time="0.718"/>
  <testcase classname="com.ninjaalgo.runner.ArrayChromeBrowser" name="runScenario" time="12.290"/>
  <testcase classname="com.ninjaalgo.runner.ArrayChromeBrowser" name="runScenario" time="0.499"/>
</testsuite> <!-- com.ninjaalgo.runner.ArrayChromeBrowser -->
