<?xml version="1.0" encoding="UTF-8"?>
<!-- Generated by org.testng.reporters.JUnitReportReporter -->
<testsuite hostname="DESKTOP-TNIL84B" failures="0" tests="7" name="com.ninjaalgo.runner.TestNGLinkedList" time="10.781" errors="0" timestamp="2023-11-29T14:10:12 GMT-05:00" skipped="0">
  <testcase classname="com.ninjaalgo.runner.TestNGLinkedList" name="runScenario" time="0.583"/>
  <testcase classname="com.ninjaalgo.runner.TestNGLinkedList" name="runScenario" time="0.667"/>
  <testcase classname="com.ninjaalgo.runner.TestNGLinkedList" name="runScenario" time="0.561"/>
  <testcase classname="com.ninjaalgo.runner.TestNGLinkedList" name="runScenario" time="0.626"/>
  <testcase classname="com.ninjaalgo.runner.TestNGLinkedList" name="runScenario" time="7.144"/>
  <testcase classname="com.ninjaalgo.runner.TestNGLinkedList" name="runScenario" time="0.561"/>
  <testcase classname="com.ninjaalgo.runner.TestNGLinkedList" name="runScenario" time="0.639"/>
</testsuite> <!-- com.ninjaalgo.runner.TestNGLinkedList -->
