<?xml version="1.0" encoding="UTF-8"?>
<!-- Generated by org.testng.reporters.JUnitReportReporter -->
<testsuite hostname="DESKTOP-TNIL84B" failures="0" tests="4" name="com.ninjaalgo.runner.TestNGArray" time="20.442" errors="0" timestamp="2023-12-02T15:26:50 GMT-05:00" skipped="0">
  <testcase classname="com.ninjaalgo.runner.TestNGArray" name="runScenario" time="1.843"/>
  <testcase classname="com.ninjaalgo.runner.TestNGArray" name="runScenario" time="5.683"/>
  <testcase classname="com.ninjaalgo.runner.TestNGArray" name="runScenario" time="11.441"/>
  <testcase classname="com.ninjaalgo.runner.TestNGArray" name="runScenario" time="1.475"/>
</testsuite> <!-- com.ninjaalgo.runner.TestNGArray -->
