<?xml version="1.0" encoding="UTF-8"?>
<!-- Generated by org.testng.reporters.JUnitReportReporter -->
<testsuite hostname="DESKTOP-TNIL84B" failures="0" tests="4" name="com.ninjaalgo.runner.TestNGArray" time="21.782" errors="0" timestamp="2023-12-01T13:48:31 GMT-05:00" skipped="0">
  <testcase classname="com.ninjaalgo.runner.TestNGArray" name="runScenario" time="12.556"/>
  <testcase classname="com.ninjaalgo.runner.TestNGArray" name="runScenario" time="1.948"/>
  <testcase classname="com.ninjaalgo.runner.TestNGArray" name="runScenario" time="5.847"/>
  <testcase classname="com.ninjaalgo.runner.TestNGArray" name="runScenario" time="1.431"/>
</testsuite> <!-- com.ninjaalgo.runner.TestNGArray -->
