<?xml version="1.0" encoding="UTF-8"?>
<!-- Generated by org.testng.reporters.JUnitReportReporter -->
<testsuite hostname="DESKTOP-TNIL84B" failures="0" tests="4" name="com.ninjaalgo.runner.TestNG" time="19.147" errors="0" timestamp="2023-11-05T19:33:36 GMT-05:00" skipped="0">
  <testcase classname="com.ninjaalgo.runner.TestNG" name="runScenario" time="4.391"/>
  <testcase classname="com.ninjaalgo.runner.TestNG" name="runScenario" time="4.222"/>
  <testcase classname="com.ninjaalgo.runner.TestNG" name="runScenario" time="6.018"/>
  <testcase classname="com.ninjaalgo.runner.TestNG" name="runScenario" time="4.516"/>
</testsuite> <!-- com.ninjaalgo.runner.TestNG -->
